<?xml version="1.0" encoding="utf-8"?><testsuites name="pytest tests"><testsuite name="pytest" errors="0" failures="0" skipped="0" tests="77" time="1.778" timestamp="2026-06-27T01:42:04.348216+08:00" hostname="DESKTOP-CN00D5I"><testcase classname="tests.unit.test_new_modules_mock.TestParseSampleRate" name="test_valid_value" time="0.003" /><testcase classname="tests.unit.test_new_modules_mock.TestParseSampleRate" name="test_empty_returns_default" time="0.003" /><testcase classname="tests.unit.test_new_modules_mock.TestParseSampleRate" name="test_none_returns_default" time="0.002" /><testcase classname="tests.unit.test_new_modules_mock.TestParseSampleRate" name="test_boundary_zero" time="0.002" /><testcase classname="tests.unit.test_new_modules_mock.TestParseSampleRate" name="test_boundary_one" time="0.002" /><testcase classname="tests.unit.test_new_modules_mock.TestParseSampleRate" name="test_invalid_format_raises" time="0.003" /><testcase classname="tests.unit.test_new_modules_mock.TestParseSampleRate" name="test_out_of_range_high_raises" time="0.003" /><testcase classname="tests.unit.test_new_modules_mock.TestParseSampleRate" name="test_out_of_range_low_raises" time="0.003" /><testcase classname="tests.unit.test_new_modules_mock.TestGetConfig" name="test_defaults_sentry_disabled" time="0.002" /><testcase classname="tests.unit.test_new_modules_mock.TestGetConfig" name="test_sentry_enabled_with_dsn" time="0.002" /><testcase classname="tests.unit.test_new_modules_mock.TestGetConfig" name="test_console_config" time="0.002" /><testcase classname="tests.unit.test_new_modules_mock.TestInitSentry" name="test_no_dsn_returns_false" time="0.003" /><testcase classname="tests.unit.test_new_modules_mock.TestInitSentry" name="test_invalid_dsn_returns_false" time="0.003" /><testcase classname="tests.unit.test_new_modules_mock.TestInitSentry" name="test_sdk_not_installed_returns_false" time="0.003" /><testcase classname="tests.unit.test_new_modules_mock.TestInitSentry" name="test_successful_init" time="0.004" /><testcase classname="tests.unit.test_new_modules_mock.TestInitSentry" name="test_already_initialized_returns_true" time="0.003" /><testcase classname="tests.unit.test_new_modules_mock.TestInitSentry" name="test_force_reinit" time="0.005" /><testcase classname="tests.unit.test_new_modules_mock.TestInitSentry" name="test_init_exception_returns_false" time="0.004" /><testcase classname="tests.unit.test_new_modules_mock.TestFilterSensitive" name="test_dict_password_redacted" time="0.002" /><testcase classname="tests.unit.test_new_modules_mock.TestFilterSensitive" name="test_nested_dict" time="0.002" /><testcase classname="tests.unit.test_new_modules_mock.TestFilterSensitive" name="test_list_filtering" time="0.002" /><testcase classname="tests.unit.test_new_modules_mock.TestFilterSensitive" name="test_string_pattern_redacted" time="0.002" /><testcase classname="tests.unit.test_new_modules_mock.TestFilterSensitive" name="test_passthrough" time="0.002" /><testcase classname="tests.unit.test_new_modules_mock.TestFilterSensitive" name="test_sensitive_key_password" time="0.002" /><testcase classname="tests.unit.test_new_modules_mock.TestFilterSensitive" name="test_sensitive_key_token" time="0.002" /><testcase classname="tests.unit.test_new_modules_mock.TestFilterSensitive" name="test_normal_key" time="0.002" /><testcase classname="tests.unit.test_new_modules_mock.TestFilterSensitive" name="test_non_string_key" time="0.002" /><testcase classname="tests.unit.test_new_modules_mock.TestFilterSensitive" name="test_custom_patterns" time="0.003" /><testcase classname="tests.unit.test_new_modules_mock.TestSentryBeforeSend" name="test_filters_extra" time="0.002" /><testcase classname="tests.unit.test_new_modules_mock.TestSentryBeforeSend" name="test_filters_headers" time="0.002" /><testcase classname="tests.unit.test_new_modules_mock.TestSentryBeforeSend" name="test_filters_request_data" time="0.002" /><testcase classname="tests.unit.test_new_modules_mock.TestSentryBeforeSend" name="test_injects_trace_id_tag" time="0.003" /><testcase classname="tests.unit.test_new_modules_mock.TestSentryBeforeSend" name="test_exception_returns_event" time="0.003" /><testcase classname="tests.unit.test_new_modules_mock.TestCaptureError" name="test_not_initialized_returns_none" time="0.003" /><testcase classname="tests.unit.test_new_modules_mock.TestCaptureError" name="test_success_returns_event_id" time="0.004" /><testcase classname="tests.unit.test_new_modules_mock.TestCaptureError" name="test_exception_returns_none" time="0.003" /><testcase classname="tests.unit.test_new_modules_mock.TestCaptureError" name="test_context_filtered_before_send" time="0.007" /><testcase classname="tests.unit.test_new_modules_mock.TestCaptureMessage" name="test_not_initialized_returns_none" time="0.003" /><testcase classname="tests.unit.test_new_modules_mock.TestCaptureMessage" name="test_success" time="0.004" /><testcase classname="tests.unit.test_new_modules_mock.TestHealthCheck" name="test_returns_dict_with_required_fields" time="0.044" /><testcase classname="tests.unit.test_new_modules_mock.TestSafeGetTraceId" name="test_returns_non_empty_string" time="0.002" /><testcase classname="tests.unit.test_new_modules_mock.TestSafeGetTraceId" name="test_does_not_raise" time="0.002" /><testcase classname="tests.unit.test_new_modules_mock.TestReplayStorageInit" name="test_creates_dir_and_db" time="0.041" /><testcase classname="tests.unit.test_new_modules_mock.TestReplayStorageInit" name="test_init_fails_on_invalid_path" time="0.003" /><testcase classname="tests.unit.test_new_modules_mock.TestReplayStorageInit" name="test_global_singleton" time="0.023" /><testcase classname="tests.unit.test_new_modules_mock.TestReplayStorageStore" name="test_store_json_success" time="0.030" /><testcase classname="tests.unit.test_new_modules_mock.TestReplayStorageStore" name="test_store_gzip_base64_success" time="0.029" /><testcase classname="tests.unit.test_new_modules_mock.TestReplayStorageStore" name="test_store_invalid_replay_id_raises" time="0.025" /><testcase classname="tests.unit.test_new_modules_mock.TestReplayStorageStore" name="test_store_empty_data_raises" time="0.025" /><testcase classname="tests.unit.test_new_modules_mock.TestReplayStorageStore" name="test_store_invalid_timestamp_raises" time="0.027" /><testcase classname="tests.unit.test_new_modules_mock.TestReplayStorageStore" name="test_store_invalid_base64_raises" time="0.025" /><testcase classname="tests.unit.test_new_modules_mock.TestReplayStorageStore" name="test_store_db_failure_rolls_back_file" time="0.026" /><testcase classname="tests.unit.test_new_modules_mock.TestReplayStorageQuery" name="test_get_by_id_found" time="0.030" /><testcase classname="tests.unit.test_new_modules_mock.TestReplayStorageQuery" name="test_get_by_id_not_found" time="0.028" /><testcase classname="tests.unit.test_new_modules_mock.TestReplayStorageQuery" name="test_get_data_by_id_json" time="0.033" /><testcase classname="tests.unit.test_new_modules_mock.TestReplayStorageQuery" name="test_get_data_by_id_gzip" time="0.026" /><testcase classname="tests.unit.test_new_modules_mock.TestReplayStorageQuery" name="test_get_data_by_id_not_found_returns_none" time="0.024" /><testcase classname="tests.unit.test_new_modules_mock.TestReplayStorageQuery" name="test_get_data_file_missing_raises" time="0.028" /><testcase classname="tests.unit.test_new_modules_mock.TestReplayStorageQuery" name="test_list_by_trace_id" time="0.037" /><testcase classname="tests.unit.test_new_modules_mock.TestReplayStorageQuery" name="test_list_by_user_session" time="0.035" /><testcase classname="tests.unit.test_new_modules_mock.TestReplayStorageQuery" name="test_list_by_time_range" time="0.034" /><testcase classname="tests.unit.test_new_modules_mock.TestReplayStorageQuery" name="test_list_recent_24h" time="0.042" /><testcase classname="tests.unit.test_new_modules_mock.TestReplayStorageQuery" name="test_list_invalid_limit_returns_at_most_limit" time="0.052" /><testcase classname="tests.unit.test_new_modules_mock.TestReplayStorageStats" name="test_stats_empty_storage" time="0.027" /><testcase classname="tests.unit.test_new_modules_mock.TestReplayStorageStats" name="test_stats_with_data" time="0.048" /><testcase classname="tests.unit.test_new_modules_mock.TestReplayStorageCleanup" name="test_cleanup_removes_old_records" time="0.039" /><testcase classname="tests.unit.test_new_modules_mock.TestReplayStorageCleanup" name="test_cleanup_with_no_old_records" time="0.029" /><testcase classname="tests.unit.test_new_modules_mock.TestStorageHealthCheck" name="test_returns_dict_with_required_fields" time="0.026" /><testcase classname="tests.unit.test_new_modules_mock.TestStorageHealthCheck" name="test_returns_uninitialized_state" time="0.002" /><testcase classname="tests.unit.test_new_modules_mock.TestEndToEnd" name="test_full_lifecycle" time="0.034" /><testcase classname="tests.unit.test_new_modules_mock.TestEndToEnd" name="test_capture_error_with_replay_correlation" time="0.006" /><testcase classname="tests.unit.test_error_reporting_config.TestErrorReportingConfig" name="test_get_config_default" time="0.002" /><testcase classname="tests.unit.test_error_reporting_config.TestErrorReportingConfig" name="test_get_config_with_env_vars" time="0.003" /><testcase classname="tests.unit.test_error_reporting_config.TestErrorReportingConfig" name="test_get_config_env_var_case_insensitive" time="0.003" /><testcase classname="tests.unit.test_error_reporting_config.TestErrorReportingConfig" name="test_get_config_webhook_headers" time="0.002" /><testcase classname="tests.unit.test_error_reporting_config.TestErrorReportingConfig" name="test_get_config_timeout_default" time="0.003" /><testcase classname="tests.unit.test_error_reporting_config.TestErrorReportingConfig" name="test_get_config_slack_icon_emoji" time="0.003" /></testsuite></testsuites>