TN:
SF:src\components\DevConsole\DevConsole.tsx
FN:46,DevConsole
FN:96,handleMouseMove
FN:114,handleMouseUp
FN:169,onClick
FN:179,onClick
FN:195,onClick
FN:207,onClick
FN:234,onClick
FN:278,ErrorBoundary
FN:283,getDerivedStateFromError
FN:287,componentDidCatch
FN:292,render
FNF:12
FNH:9
FNDA:25,DevConsole
FNDA:1,handleMouseMove
FNDA:4,handleMouseUp
FNDA:0,onClick
FNDA:1,onClick
FNDA:1,onClick
FNDA:2,onClick
FNDA:1,onClick
FNDA:25,ErrorBoundary
FNDA:0,getDerivedStateFromError
FNDA:0,componentDidCatch
FNDA:40,render
DA:1,1
DA:16,1
DA:17,1
DA:18,1
DA:19,1
DA:20,1
DA:21,1
DA:22,1
DA:23,1
DA:46,1
DA:47,25
DA:48,25
DA:49,25
DA:50,25
DA:51,25
DA:54,25
DA:55,25
DA:56,25
DA:57,25
DA:58,25
DA:65,25
DA:67,25
DA:68,25
DA:69,25
DA:70,25
DA:71,25
DA:72,25
DA:75,25
DA:76,25
DA:78,4
DA:79,4
DA:80,4
DA:81,4
DA:82,4
DA:83,4
DA:84,4
DA:85,4
DA:86,4
DA:87,4
DA:88,4
DA:89,4
DA:90,4
DA:91,4
DA:92,25
DA:93,25
DA:95,25
DA:96,15
DA:97,1
DA:98,1
DA:99,1
DA:100,1
DA:101,1
DA:102,1
DA:103,1
DA:104,1
DA:105,1
DA:106,1
DA:107,1
DA:108,1
DA:109,1
DA:110,1
DA:111,1
DA:112,1
DA:114,15
DA:115,4
DA:117,4
DA:118,3
DA:119,3
DA:120,4
DA:121,4
DA:122,4
DA:124,15
DA:125,15
DA:126,15
DA:127,15
DA:128,15
DA:129,15
DA:130,25
DA:133,25
DA:135,25
DA:136,25
DA:137,24
DA:138,1
DA:140,25
DA:141,25
DA:142,25
DA:144,25
DA:145,25
DA:146,25
DA:147,25
DA:148,25
DA:149,25
DA:150,25
DA:151,25
DA:153,25
DA:154,1
DA:156,25
DA:159,25
DA:160,15
DA:162,15
DA:163,15
DA:164,15
DA:165,15
DA:166,15
DA:167,15
DA:168,15
DA:169,15
DA:170,15
DA:172,15
DA:173,15
DA:174,15
DA:175,15
DA:176,15
DA:177,15
DA:178,15
DA:179,15
DA:180,15
DA:182,15
DA:183,15
DA:184,15
DA:185,15
DA:187,15
DA:188,15
DA:189,15
DA:190,15
DA:191,15
DA:192,15
DA:193,15
DA:194,15
DA:195,15
DA:196,15
DA:198,15
DA:199,15
DA:200,15
DA:201,5
DA:202,5
DA:203,5
DA:204,5
DA:205,5
DA:206,5
DA:207,5
DA:209,5
DA:210,5
DA:211,3
DA:212,3
DA:213,3
DA:214,3
DA:216,3
DA:217,3
DA:219,5
DA:220,15
DA:221,15
DA:222,15
DA:223,15
DA:224,15
DA:225,15
DA:226,15
DA:227,15
DA:229,15
DA:230,15
DA:231,15
DA:232,15
DA:233,15
DA:234,15
DA:235,15
DA:236,15
DA:238,15
DA:239,15
DA:240,15
DA:243,15
DA:244,15
DA:245,15
DA:246,15
DA:247,15
DA:248,15
DA:249,5
DA:250,2
DA:251,2
DA:252,2
DA:254,15
DA:255,15
DA:256,15
DA:258,25
DA:259,25
DA:260,25
DA:261,25
DA:262,25
DA:274,1
DA:277,1
DA:278,1
DA:279,25
DA:280,25
DA:281,25
DA:283,1
DA:284,0
DA:285,0
DA:287,1
DA:289,0
DA:290,0
DA:292,1
DA:293,40
DA:294,40
DA:295,40
DA:296,1
DA:298,1
LF:205
LH:201
BRDA:46,0,0,25
BRDA:133,1,0,0
BRDA:136,2,0,24
BRDA:137,3,0,1
BRDA:153,4,0,3
BRDA:153,5,0,1
BRDA:159,6,0,15
BRDA:167,7,0,11
BRDA:167,8,0,4
BRDA:177,9,0,1
BRDA:177,10,0,14
BRDA:184,11,0,2
BRDA:184,12,0,13
BRDA:193,13,0,1
BRDA:193,14,0,14
BRDA:225,15,0,1
BRDA:225,16,0,14
BRDA:227,17,0,1
BRDA:227,18,0,14
BRDA:229,19,0,1
BRDA:229,20,0,14
BRDA:244,21,0,11
BRDA:245,22,0,1
BRDA:246,23,0,1
BRDA:67,24,0,76
BRDA:68,25,0,76
BRDA:69,26,0,76
BRDA:70,27,0,76
BRDA:71,28,0,76
BRDA:72,29,0,76
BRDA:76,30,0,4
BRDA:78,31,0,0
BRDA:81,32,0,0
BRDA:82,33,0,0
BRDA:95,34,0,15
BRDA:96,35,0,1
BRDA:97,36,0,0
BRDA:100,37,0,0
BRDA:114,38,0,4
BRDA:117,39,0,3
BRDA:118,40,0,3
BRDA:126,41,0,15
BRDA:179,42,0,1
BRDA:195,43,0,1
BRDA:200,44,0,5
BRDA:205,45,0,2
BRDA:205,46,0,3
BRDA:210,47,0,3
BRDA:213,48,0,0
BRDA:207,49,0,2
BRDA:234,50,0,1
BRDA:248,51,0,5
BRDA:249,52,0,2
BRDA:278,53,0,25
BRDA:292,54,0,40
BRDA:293,55,0,0
BRF:56
BRH:48
end_of_record
TN:
SF:src\components\DevConsole\ErrorPanel.tsx
FN:12,ErrorPanel
FN:66,onClick
FN:85,onClick
FN:113,ErrorRecordDetail
FN:116,handleCopy
FNF:5
FNH:3
FNDA:8,ErrorPanel
FNDA:1,onClick
FNDA:0,onClick
FNDA:1,ErrorRecordDetail
FNDA:0,handleCopy
DA:1,1
DA:8,1
DA:9,1
DA:10,1
DA:12,1
DA:13,8
DA:14,8
DA:15,8
DA:17,8
DA:18,8
DA:19,8
DA:20,8
DA:22,8
DA:23,8
DA:24,0
DA:25,0
DA:26,0
DA:27,0
DA:28,8
DA:29,8
DA:31,8
DA:32,2
DA:33,2
DA:35,6
DA:36,6
DA:37,6
DA:38,6
DA:39,6
DA:40,6
DA:41,6
DA:42,6
DA:43,6
DA:44,6
DA:45,6
DA:47,6
DA:48,6
DA:49,6
DA:50,6
DA:51,6
DA:52,6
DA:53,6
DA:54,6
DA:55,6
DA:56,6
DA:57,6
DA:58,6
DA:59,6
DA:60,6
DA:61,6
DA:62,6
DA:63,6
DA:64,6
DA:65,6
DA:66,6
DA:67,1
DA:70,6
DA:71,6
DA:72,6
DA:73,6
DA:74,6
DA:76,6
DA:77,6
DA:78,6
DA:79,6
DA:80,6
DA:81,6
DA:82,5
DA:83,5
DA:84,5
DA:85,5
DA:87,5
DA:88,5
DA:90,1
DA:92,6
DA:93,6
DA:94,6
DA:95,6
DA:96,1
DA:97,1
DA:98,1
DA:99,1
DA:100,1
DA:102,6
DA:103,6
DA:104,6
DA:105,6
DA:106,6
DA:107,6
DA:109,6
DA:111,1
DA:113,1
DA:114,1
DA:116,1
DA:117,0
DA:118,0
DA:119,0
DA:120,0
DA:121,0
DA:123,1
DA:124,1
DA:125,1
DA:126,1
DA:127,1
DA:128,1
DA:129,1
DA:130,1
DA:131,1
DA:132,1
DA:133,1
DA:134,1
DA:135,1
DA:136,1
DA:138,1
DA:140,1
DA:141,1
DA:142,1
DA:143,1
DA:144,1
DA:146,1
DA:147,1
DA:148,1
DA:149,1
DA:150,1
DA:152,1
DA:153,1
DA:154,1
DA:155,1
DA:157,1
DA:158,1
DA:159,1
DA:161,1
DA:163,1
LF:132
LH:123
BRDA:12,0,0,8
BRDA:31,1,0,2
BRDA:33,2,0,6
BRDA:13,3,0,25
BRDA:14,4,0,25
BRDA:18,5,0,7
BRDA:60,6,0,6
BRDA:64,7,0,1
BRDA:64,8,0,5
BRDA:73,9,0,5
BRDA:73,10,0,1
BRDA:76,11,0,5
BRDA:76,12,0,1
BRDA:81,13,0,5
BRDA:88,14,0,1
BRDA:95,15,0,1
BRDA:66,16,0,1
BRDA:67,17,0,0
BRDA:113,18,0,1
BRDA:136,19,0,0
BRDA:157,20,0,0
BRF:21
BRH:18
end_of_record
TN:
SF:src\components\DevConsole\NetworkPanel.tsx
FN:22,NetworkPanel
FN:69,onChange
FN:98,onClick
FN:123,onClick
FN:150,NetworkRecordDetail
FN:155,handleCopyAll
FNF:6
FNH:4
FNDA:21,NetworkPanel
FNDA:1,onChange
FNDA:1,onClick
FNDA:0,onClick
FNDA:1,NetworkRecordDetail
FNDA:0,handleCopyAll
DA:1,1
DA:10,1
DA:11,1
DA:20,1
DA:22,1
DA:23,21
DA:24,21
DA:25,21
DA:26,21
DA:27,21
DA:30,21
DA:31,19
DA:32,1
DA:33,1
DA:34,1
DA:35,2
DA:36,1
DA:37,1
DA:38,1
DA:39,21
DA:42,21
DA:43,21
DA:44,21
DA:45,21
DA:47,21
DA:48,21
DA:49,0
DA:50,0
DA:51,0
DA:52,0
DA:53,0
DA:54,21
DA:55,21
DA:57,21
DA:58,12
DA:59,12
DA:61,9
DA:62,9
DA:63,9
DA:64,9
DA:65,9
DA:66,9
DA:67,9
DA:68,9
DA:69,9
DA:70,9
DA:71,9
DA:72,9
DA:73,9
DA:74,9
DA:75,9
DA:77,9
DA:78,9
DA:79,9
DA:80,9
DA:81,9
DA:82,9
DA:83,9
DA:84,9
DA:85,9
DA:86,9
DA:87,9
DA:88,9
DA:89,9
DA:90,9
DA:91,9
DA:92,9
DA:93,10
DA:94,10
DA:95,10
DA:96,10
DA:97,10
DA:98,10
DA:99,1
DA:102,10
DA:103,10
DA:104,10
DA:105,10
DA:106,10
DA:107,10
DA:108,10
DA:109,10
DA:110,10
DA:111,10
DA:112,10
DA:113,10
DA:114,10
DA:115,10
DA:116,10
DA:117,10
DA:118,10
DA:119,10
DA:120,8
DA:121,8
DA:122,8
DA:123,8
DA:125,8
DA:126,8
DA:128,2
DA:130,10
DA:131,10
DA:132,10
DA:133,10
DA:134,1
DA:135,1
DA:136,1
DA:137,1
DA:138,1
DA:140,10
DA:141,9
DA:142,9
DA:143,9
DA:144,9
DA:145,9
DA:147,9
DA:150,1
DA:151,1
DA:152,1
DA:153,1
DA:155,1
DA:156,0
DA:157,0
DA:158,0
DA:159,0
DA:160,0
DA:162,1
DA:163,1
DA:164,1
DA:165,1
DA:166,1
DA:167,1
DA:168,1
DA:169,1
DA:170,1
DA:171,1
DA:172,1
DA:173,1
DA:174,1
DA:175,1
DA:176,1
DA:177,1
DA:178,0
DA:179,0
DA:180,0
DA:181,0
DA:183,1
DA:184,1
DA:185,1
DA:186,1
DA:187,1
DA:189,1
DA:190,1
DA:191,1
DA:192,1
DA:194,1
DA:195,1
DA:196,1
DA:198,1
DA:200,1
LF:159
LH:145
BRDA:22,0,0,21
BRDA:57,1,0,12
BRDA:59,2,0,9
BRDA:23,3,0,66
BRDA:24,4,0,66
BRDA:25,5,0,66
BRDA:26,6,0,66
BRDA:30,7,0,19
BRDA:31,8,0,18
BRDA:31,9,0,1
BRDA:34,10,0,2
BRDA:35,11,0,1
BRDA:36,12,0,1
BRDA:43,13,0,19
BRDA:69,14,0,1
BRDA:92,15,0,10
BRDA:96,16,0,1
BRDA:96,17,0,9
BRDA:110,18,0,1
BRDA:110,19,0,9
BRDA:114,20,0,1
BRDA:114,21,0,9
BRDA:119,22,0,8
BRDA:126,23,0,2
BRDA:133,24,0,1
BRDA:98,25,0,1
BRDA:99,26,0,0
BRDA:150,27,0,1
BRDA:175,28,0,0
BRDA:177,29,0,0
BRDA:194,30,0,0
BRF:31
BRH:27
end_of_record
TN:
SF:src\components\DevConsole\PerformancePanel.tsx
FN:12,PerformancePanel
FNF:1
FNH:1
FNDA:5,PerformancePanel
DA:1,1
DA:8,1
DA:9,1
DA:10,1
DA:12,1
DA:13,5
DA:14,5
DA:16,5
DA:17,5
DA:18,5
DA:19,5
DA:22,5
DA:23,5
DA:24,3
DA:25,3
DA:26,3
DA:27,5
DA:29,5
DA:30,2
DA:31,2
DA:33,2
DA:35,2
DA:36,2
DA:38,2
DA:40,3
DA:41,3
DA:42,3
DA:43,3
DA:44,3
DA:45,3
DA:46,3
DA:47,3
DA:48,3
DA:49,3
DA:50,3
DA:51,3
DA:53,3
DA:54,3
DA:55,3
DA:56,3
DA:57,3
DA:58,3
DA:59,3
DA:60,3
DA:61,3
DA:62,3
DA:63,3
DA:64,3
DA:65,3
DA:66,3
DA:67,4
DA:68,4
DA:69,4
DA:70,4
DA:71,4
DA:72,4
DA:73,4
DA:74,4
DA:75,4
DA:76,4
DA:77,4
DA:78,4
DA:79,3
DA:80,3
DA:81,3
DA:82,3
DA:83,3
DA:85,3
DA:87,1
LF:69
LH:69
BRDA:12,0,0,5
BRDA:29,1,0,3
BRDA:29,2,0,2
BRDA:13,3,0,16
BRDA:14,4,0,16
BRDA:17,5,0,5
BRDA:22,6,0,5
BRDA:23,7,0,3
BRDA:23,8,0,2
BRDA:24,9,0,4
BRDA:25,10,0,4
BRDA:66,11,0,4
BRDA:76,12,0,0
BRF:13
BRH:12
end_of_record
TN:
SF:src\components\DevConsole\shared.ts
FN:6,copyText
FN:34,formatTime
FN:36,pad
FN:43,formatDuration
FN:50,statusBadgeClass
FN:59,methodClass
FN:69,durationClass
FN:76,truncate
FNF:8
FNH:8
FNDA:2,copyText
FNDA:29,formatTime
FNDA:116,pad
FNDA:25,formatDuration
FNDA:15,statusBadgeClass
FNDA:16,methodClass
FNDA:7,durationClass
FNDA:31,truncate
DA:6,2
DA:7,2
DA:8,2
DA:9,2
DA:10,1
DA:11,1
DA:12,2
DA:14,1
DA:16,1
DA:17,1
DA:18,1
DA:19,1
DA:20,1
DA:21,1
DA:22,1
DA:23,1
DA:24,1
DA:25,1
DA:26,1
DA:27,1
DA:28,2
DA:29,0
DA:30,0
DA:31,2
DA:34,1
DA:35,29
DA:36,29
DA:37,29
DA:38,29
DA:39,29
DA:40,29
DA:43,1
DA:44,25
DA:45,25
DA:46,2
DA:47,2
DA:50,1
DA:51,15
DA:52,14
DA:53,5
DA:54,5
DA:55,1
DA:56,1
DA:59,1
DA:60,16
DA:61,16
DA:62,6
DA:63,16
DA:64,6
DA:65,1
DA:66,1
DA:69,1
DA:70,7
DA:71,4
DA:72,1
DA:73,1
DA:76,1
DA:77,31
DA:78,31
LF:59
LH:57
BRDA:6,0,0,2
BRDA:9,1,0,1
BRDA:12,2,0,1
BRDA:28,3,0,0
BRDA:34,4,0,29
BRDA:36,5,0,116
BRDA:43,6,0,25
BRDA:44,7,0,1
BRDA:44,8,0,24
BRDA:45,9,0,23
BRDA:45,10,0,22
BRDA:45,11,0,2
BRDA:50,12,0,15
BRDA:51,13,0,2
BRDA:51,14,0,14
BRDA:51,15,0,13
BRDA:52,16,0,10
BRDA:52,17,0,5
BRDA:52,18,0,3
BRDA:53,19,0,1
BRDA:53,20,0,2
BRDA:54,21,0,1
BRDA:59,22,0,16
BRDA:61,23,0,11
BRDA:61,24,0,6
BRDA:61,25,0,5
BRDA:62,26,0,1
BRDA:62,27,0,4
BRDA:63,28,0,3
BRDA:63,29,0,6
BRDA:63,30,0,2
BRDA:64,31,0,1
BRDA:69,32,0,7
BRDA:70,33,0,4
BRDA:70,34,0,6
BRDA:70,35,0,4
BRDA:70,36,0,3
BRDA:71,37,0,2
BRDA:71,38,0,1
BRDA:76,39,0,31
BRDA:77,40,0,1
BRDA:77,41,0,30
BRF:42
BRH:41
end_of_record
TN:
SF:src\components\DevConsole\store.ts
FN:29,genId
FN:72,appendWithLru
FN:85,addNetworkRecord
FN:92,addErrorRecord
FN:99,addPerfRecord
FN:106,clearNetwork
FN:107,clearError
FN:108,clearPerf
FN:109,clearAll
FN:112,togglePause
FN:113,setNetworkFilter
FN:115,install
FN:150,trackPerf
FN:177,measureRender
FNF:14
FNH:14
FNDA:4,genId
FNDA:213,appendWithLru
FNDA:207,addNetworkRecord
FNDA:5,addErrorRecord
FNDA:3,addPerfRecord
FNDA:2,clearNetwork
FNDA:2,clearError
FNDA:1,clearPerf
FNDA:1,clearAll
FNDA:5,togglePause
FNDA:2,setNetworkFilter
FNDA:5,install
FNDA:4,trackPerf
FNDA:1,measureRender
DA:1,1
DA:29,4
DA:30,4
DA:31,4
DA:60,1
DA:61,1
DA:62,0
DA:72,213
DA:73,213
DA:74,213
DA:75,213
DA:76,213
DA:78,1
DA:79,4
DA:80,4
DA:81,4
DA:82,4
DA:83,4
DA:85,4
DA:86,207
DA:87,206
DA:88,206
DA:89,206
DA:90,207
DA:92,4
DA:93,5
DA:94,4
DA:95,4
DA:96,4
DA:97,5
DA:99,4
DA:100,3
DA:101,3
DA:102,3
DA:103,3
DA:104,3
DA:106,4
DA:107,4
DA:108,4
DA:109,4
DA:110,1
DA:112,4
DA:113,4
DA:115,4
DA:117,5
DA:120,5
DA:121,0
DA:122,5
DA:123,5
DA:124,0
DA:125,5
DA:128,5
DA:131,5
DA:132,5
DA:133,5
DA:134,5
DA:135,5
DA:136,5
DA:137,1
DA:150,1
DA:151,4
DA:152,4
DA:153,4
DA:154,4
DA:155,4
DA:156,4
DA:157,4
DA:158,4
DA:159,4
DA:160,4
DA:161,4
DA:162,4
DA:163,4
DA:164,4
DA:166,1
DA:167,1
DA:168,4
DA:177,1
DA:178,1
DA:179,1
DA:180,1
DA:181,1
DA:182,1
DA:183,1
DA:184,1
DA:185,1
DA:186,1
LF:87
LH:84
BRDA:61,0,0,0
BRDA:29,1,0,4
BRDA:72,2,0,213
BRDA:73,3,0,2
BRDA:73,4,0,211
BRDA:78,5,0,4
BRDA:85,6,0,207
BRDA:86,7,0,1
BRDA:86,8,0,206
BRDA:87,9,0,206
BRDA:92,10,0,5
BRDA:93,11,0,1
BRDA:93,12,0,4
BRDA:94,13,0,4
BRDA:99,14,0,3
BRDA:100,15,0,0
BRDA:101,16,0,3
BRDA:106,17,0,2
BRDA:107,18,0,2
BRDA:108,19,0,1
BRDA:109,20,0,1
BRDA:112,21,0,5
BRDA:112,22,0,5
BRDA:113,23,0,2
BRDA:115,24,0,5
BRDA:117,25,0,0
BRDA:131,26,0,5
BRDA:150,27,0,4
BRDA:156,28,0,0
BRDA:164,29,0,1
BRDA:177,30,0,1
BRDA:178,31,0,0
BRF:32
BRH:27
end_of_record
TN:
SF:src\components\ObservabilityDevtools\index.tsx
FN:18,ObservabilityDevtools
FN:38,render
FNF:2
FNH:2
FNDA:4,ObservabilityDevtools
FNDA:1,render
DA:1,1
DA:12,1
DA:13,1
DA:15,1
DA:16,1
DA:18,1
DA:19,4
DA:20,4
DA:21,4
DA:22,4
DA:25,4
DA:26,4
DA:27,4
DA:28,4
DA:29,4
DA:30,4
DA:33,4
DA:34,4
DA:35,4
DA:36,4
DA:37,4
DA:38,4
DA:39,4
DA:40,4
DA:42,4
DA:43,4
DA:45,1
LF:27
LH:27
BRDA:18,0,0,4
BRDA:19,1,0,12
BRDA:20,2,0,12
BRDA:21,3,0,12
BRDA:25,4,0,4
BRDA:27,5,0,4
BRDA:38,6,0,1
BRF:7
BRH:7
end_of_record
TN:
SF:src\components\StateInspector\StateInspector.tsx
FN:21,StateInspector
FN:53,onClick
FN:60,onClick
FN:87,SnapshotsView
FN:158,onClick
FN:179,TimelineView
FN:224,DiffRow
FN:259,formatValue
FNF:8
FNH:6
FNDA:15,StateInspector
FNDA:0,onClick
FNDA:3,onClick
FNDA:12,SnapshotsView
FNDA:0,onClick
FNDA:3,TimelineView
FNDA:4,DiffRow
FNDA:12,formatValue
DA:1,1
DA:14,1
DA:16,1
DA:17,1
DA:19,1
DA:21,1
DA:22,15
DA:23,15
DA:24,15
DA:25,15
DA:26,15
DA:27,15
DA:28,15
DA:31,15
DA:32,15
DA:33,12
DA:34,6
DA:35,6
DA:36,15
DA:38,15
DA:39,15
DA:40,15
DA:41,15
DA:42,15
DA:43,15
DA:44,15
DA:45,15
DA:47,15
DA:48,15
DA:49,15
DA:50,15
DA:51,15
DA:52,15
DA:53,15
DA:54,15
DA:55,15
DA:56,15
DA:57,15
DA:58,15
DA:59,15
DA:60,15
DA:61,15
DA:62,15
DA:63,15
DA:64,15
DA:65,15
DA:66,15
DA:67,15
DA:68,15
DA:69,15
DA:71,15
DA:72,15
DA:74,15
DA:75,15
DA:76,12
DA:78,3
DA:80,15
DA:81,15
DA:83,15
DA:87,1
DA:88,12
DA:89,12
DA:90,12
DA:91,6
DA:92,6
DA:94,6
DA:96,6
DA:97,6
DA:99,6
DA:101,6
DA:103,6
DA:104,6
DA:105,6
DA:106,6
DA:107,6
DA:108,6
DA:109,6
DA:110,1
DA:111,5
DA:112,0
DA:113,5
DA:115,6
DA:116,6
DA:117,6
DA:118,6
DA:119,6
DA:120,6
DA:121,6
DA:122,6
DA:123,1
DA:124,1
DA:125,1
DA:127,6
DA:128,6
DA:129,6
DA:130,6
DA:131,6
DA:132,6
DA:133,6
DA:134,6
DA:135,6
DA:136,6
DA:137,6
DA:138,6
DA:139,6
DA:140,6
DA:141,2
DA:142,2
DA:143,2
DA:144,2
DA:146,2
DA:147,1
DA:148,1
DA:149,2
DA:150,2
DA:152,6
DA:153,0
DA:154,0
DA:155,0
DA:156,0
DA:157,0
DA:158,0
DA:159,0
DA:160,0
DA:161,0
DA:163,0
DA:164,0
DA:165,0
DA:167,6
DA:169,6
DA:170,6
DA:172,6
DA:176,1
DA:179,1
DA:180,3
DA:181,1
DA:182,1
DA:184,1
DA:186,1
DA:187,1
DA:189,1
DA:191,2
DA:192,2
DA:193,2
DA:194,2
DA:195,2
DA:196,2
DA:197,2
DA:198,2
DA:200,2
DA:201,2
DA:202,2
DA:203,2
DA:204,2
DA:205,2
DA:206,2
DA:207,2
DA:208,2
DA:209,2
DA:210,0
DA:211,0
DA:212,0
DA:214,2
DA:215,2
DA:216,4
DA:217,2
DA:218,2
DA:219,2
DA:220,2
DA:222,2
DA:224,1
DA:225,4
DA:226,4
DA:227,1
DA:228,3
DA:229,1
DA:230,2
DA:231,4
DA:232,4
DA:233,1
DA:234,3
DA:235,1
DA:236,2
DA:238,4
DA:239,4
DA:240,4
DA:241,4
DA:242,4
DA:243,4
DA:244,4
DA:245,1
DA:246,3
DA:247,1
DA:249,2
DA:250,2
DA:251,2
DA:253,4
DA:254,4
DA:256,4
DA:259,12
DA:260,12
DA:261,12
DA:262,12
DA:263,12
DA:264,0
DA:265,0
DA:266,0
DA:267,0
DA:268,0
DA:269,0
DA:270,0
DA:271,6
DA:272,6
DA:274,1
LF:214
LH:191
BRDA:21,0,0,15
BRDA:52,1,0,12
BRDA:52,2,0,3
BRDA:59,3,0,3
BRDA:59,4,0,12
BRDA:75,5,0,12
BRDA:76,6,0,3
BRDA:22,7,0,46
BRDA:23,8,0,46
BRDA:24,9,0,46
BRDA:25,10,0,46
BRDA:32,11,0,12
BRDA:33,12,0,6
BRDA:35,13,0,6
BRDA:39,14,0,12
BRDA:43,15,0,12
BRDA:60,16,0,3
BRDA:87,17,0,12
BRDA:90,18,0,6
BRDA:105,19,0,6
BRDA:106,20,0,2
BRDA:106,21,0,4
BRDA:107,22,0,2
BRDA:109,23,0,1
BRDA:110,24,0,5
BRDA:111,25,0,0
BRDA:122,26,0,1
BRDA:140,27,0,2
BRDA:144,28,0,1
BRDA:144,29,0,1
BRDA:146,30,0,1
BRDA:147,31,0,1
BRDA:152,32,0,0
BRDA:179,33,0,3
BRDA:180,34,0,1
BRDA:189,35,0,2
BRDA:202,36,0,2
BRDA:209,37,0,0
BRDA:215,38,0,4
BRDA:224,39,0,4
BRDA:226,40,0,1
BRDA:227,41,0,3
BRDA:228,42,0,1
BRDA:229,43,0,2
BRDA:232,44,0,1
BRDA:233,45,0,3
BRDA:234,46,0,1
BRDA:235,47,0,2
BRDA:241,48,0,0
BRDA:244,49,0,1
BRDA:245,50,0,3
BRDA:246,51,0,1
BRDA:247,52,0,2
BRDA:259,53,0,12
BRDA:260,54,0,0
BRDA:261,55,0,0
BRDA:262,56,0,6
BRDA:262,57,0,0
BRDA:263,58,0,0
BRDA:270,59,0,6
BRF:60
BRH:52
end_of_record
TN:
SF:src\components\StateInspector\store.ts
FN:26,genId
FN:35,diffValues
FN:125,upsertSnapshot
FN:169,incrementRetry
FN:184,clearTimeline
FN:185,clearAll
FNF:6
FNH:6
FNDA:210,genId
FNDA:219,diffValues
FNDA:228,upsertSnapshot
FNDA:3,incrementRetry
FNDA:1,clearTimeline
FNDA:2,clearAll
DA:1,1
DA:21,1
DA:22,1
DA:23,0
DA:26,210
DA:27,210
DA:28,210
DA:35,1
DA:37,219
DA:40,217
DA:41,217
DA:42,216
DA:43,215
DA:44,215
DA:45,4
DA:46,219
DA:47,213
DA:48,213
DA:50,4
DA:51,4
DA:52,4
DA:55,219
DA:56,1
DA:57,1
DA:58,1
DA:59,0
DA:60,0
DA:63,214
DA:64,4
DA:65,1
DA:66,1
DA:67,1
DA:68,1
DA:69,1
DA:70,1
DA:71,4
DA:72,1
DA:73,1
DA:74,1
DA:75,1
DA:76,1
DA:77,1
DA:78,1
DA:79,4
DA:81,214
DA:82,4
DA:83,1
DA:84,1
DA:85,1
DA:86,1
DA:87,1
DA:88,1
DA:89,1
DA:90,4
DA:92,3
DA:93,3
DA:120,1
DA:121,1
DA:122,4
DA:123,4
DA:125,4
DA:126,228
DA:127,228
DA:128,228
DA:129,228
DA:132,228
DA:133,228
DA:134,228
DA:135,228
DA:136,228
DA:137,228
DA:138,228
DA:139,228
DA:140,228
DA:141,228
DA:144,228
DA:145,228
DA:146,210
DA:147,210
DA:148,210
DA:149,210
DA:150,210
DA:151,210
DA:152,210
DA:153,210
DA:154,210
DA:155,210
DA:157,210
DA:158,1
DA:159,1
DA:160,1
DA:161,1
DA:162,210
DA:163,210
DA:165,228
DA:166,228
DA:167,228
DA:169,4
DA:170,3
DA:171,3
DA:172,3
DA:173,2
DA:174,2
DA:175,2
DA:176,2
DA:177,2
DA:178,2
DA:179,3
DA:180,3
DA:181,3
DA:182,3
DA:184,4
DA:185,4
DA:186,4
DA:187,1
LF:115
LH:112
BRDA:22,0,0,0
BRDA:26,1,0,210
BRDA:35,2,0,219
BRDA:37,3,0,2
BRDA:37,4,0,217
BRDA:41,5,0,216
BRDA:42,6,0,215
BRDA:43,7,0,215
BRDA:44,8,0,4
BRDA:46,9,0,213
BRDA:48,10,0,214
BRDA:48,11,0,4
BRDA:55,12,0,1
BRDA:55,13,0,214
BRDA:55,14,0,1
BRDA:58,15,0,0
BRDA:60,16,0,3
BRDA:63,17,0,4
BRDA:64,18,0,1
BRDA:71,19,0,3
BRDA:71,20,0,1
BRDA:79,21,0,3
BRDA:81,22,0,4
BRDA:82,23,0,1
BRDA:90,24,0,3
BRDA:121,25,0,4
BRDA:125,26,0,228
BRDA:127,27,0,228
BRDA:129,28,0,211
BRDA:137,29,0,226
BRDA:137,30,0,211
BRDA:137,31,0,15
BRDA:138,32,0,227
BRDA:138,33,0,211
BRDA:138,34,0,16
BRDA:139,35,0,225
BRDA:139,36,0,210
BRDA:139,37,0,225
BRDA:140,38,0,226
BRDA:140,39,0,211
BRDA:140,40,0,15
BRDA:145,41,0,211
BRDA:145,42,0,210
BRDA:153,43,0,209
BRDA:157,44,0,1
BRDA:169,45,0,3
BRDA:170,46,0,3
BRDA:172,47,0,1
BRDA:172,48,0,2
BRDA:184,49,0,1
BRDA:185,50,0,2
BRF:51
BRH:49
end_of_record
TN:
SF:src\components\StateInspector\hooks\useObservableState.ts
FN:26,useObservableState
FNF:1
FNH:1
FNDA:14,useObservableState
DA:1,1
DA:26,1
DA:27,14
DA:28,14
DA:29,14
DA:30,14
DA:31,14
DA:34,14
DA:35,14
DA:38,14
DA:39,8
DA:40,8
DA:41,8
DA:42,8
DA:43,8
DA:44,8
DA:45,8
DA:46,8
DA:48,14
DA:51,14
DA:52,14
DA:53,6
DA:54,6
DA:55,6
DA:57,6
DA:58,6
DA:59,6
DA:60,6
DA:61,6
DA:62,6
DA:63,6
DA:64,6
DA:65,6
DA:66,6
DA:68,1
DA:69,1
DA:70,6
DA:71,6
DA:72,6
DA:73,6
DA:74,14
DA:75,14
DA:77,14
DA:78,14
LF:44
LH:44
BRDA:26,0,0,14
BRDA:38,1,0,8
BRDA:39,2,0,0
BRDA:52,3,0,6
BRDA:53,4,0,6
BRDA:55,5,0,2
BRDA:55,6,0,4
BRDA:66,7,0,1
BRF:8
BRH:7
end_of_record
TN:
SF:src\config\observability.ts
FN:38,resolveConfig
FN:87,getObservabilityConfig
FN:112,isObservabilityEnabled
FN:121,shouldSample
FN:133,__resetObservabilityConfigForTest
FNF:5
FNH:5
FNDA:18,resolveConfig
FNDA:106,getObservabilityConfig
FNDA:80,isObservabilityEnabled
FNDA:10,shouldSample
FNDA:19,__resetObservabilityConfigForTest
DA:26,1
DA:27,1
DA:28,1
DA:29,1
DA:38,18
DA:40,18
DA:43,18
DA:44,18
DA:45,18
DA:48,18
DA:49,18
DA:50,18
DA:51,1
DA:52,1
DA:53,1
DA:54,1
DA:57,17
DA:58,18
DA:59,18
DA:60,18
DA:61,17
DA:62,17
DA:63,18
DA:64,1
DA:65,1
DA:66,1
DA:67,1
DA:69,16
DA:70,16
DA:71,16
DA:72,16
DA:73,16
DA:74,16
DA:75,16
DA:76,16
DA:79,1
DA:87,1
DA:88,106
DA:90,18
DA:91,18
DA:92,106
DA:94,2
DA:95,2
DA:96,2
DA:97,2
DA:98,2
DA:99,2
DA:100,2
DA:101,2
DA:102,2
DA:103,18
DA:104,18
DA:112,1
DA:113,80
DA:114,80
DA:121,1
DA:122,10
DA:123,10
DA:124,1
DA:125,0
DA:126,0
DA:133,1
DA:134,19
DA:135,19
LF:64
LH:62
BRDA:26,0,0,9
BRDA:38,1,0,18
BRDA:45,2,0,16
BRDA:45,3,0,2
BRDA:49,4,0,2
BRDA:49,5,0,16
BRDA:50,6,0,1
BRDA:54,7,0,17
BRDA:58,8,0,3
BRDA:58,9,0,14
BRDA:60,10,0,17
BRDA:61,11,0,17
BRDA:63,12,0,1
BRDA:67,13,0,16
BRDA:87,14,0,106
BRDA:88,15,0,92
BRDA:88,16,0,88
BRDA:88,17,0,18
BRDA:92,18,0,2
BRDA:102,19,0,18
BRDA:112,20,0,80
BRDA:121,21,0,10
BRDA:123,22,0,9
BRDA:123,23,0,1
BRDA:124,24,0,0
BRDA:133,25,0,19
BRF:26
BRH:25
end_of_record
TN:
SF:src\utils\requestInterceptor.ts
FN:40,logObs
FN:66,subscribeNetwork
FN:74,subscribeError
FN:82,emitNetwork
FN:97,emitError
FN:111,genId
FN:127,parseTraceId
FN:186,truncate
FN:199,installFetchPatch
FN:204,patchedFetch
FN:319,uninstallFetchPatch
FN:331,installXhrPatch
FN:337,XMLHttpRequest.open
FN:365,XMLHttpRequest.send
FN:473,uninstallXhrPatch
FN:489,installErrorCapture
FN:493,onErrorHandler
FN:523,rejectionHandler
FN:555,uninstallErrorCapture
FN:578,uninstallInterceptors
FN:599,installInterceptors
FN:649,isInstalled
FN:654,__clearListenersForTest
FNF:23
FNH:23
FNDA:61,logObs
FNDA:14,subscribeNetwork
FNDA:7,subscribeError
FNDA:8,emitNetwork
FNDA:2,emitError
FNDA:10,genId
FNDA:9,parseTraceId
FNDA:2,truncate
FNDA:20,installFetchPatch
FNDA:5,patchedFetch
FNDA:20,uninstallFetchPatch
FNDA:20,installXhrPatch
FNDA:3,XMLHttpRequest.open
FNDA:3,XMLHttpRequest.send
FNDA:20,uninstallXhrPatch
FNDA:20,installErrorCapture
FNDA:1,onErrorHandler
FNDA:1,rejectionHandler
FNDA:20,uninstallErrorCapture
FNDA:48,uninstallInterceptors
FNDA:21,installInterceptors
FNDA:4,isInstalled
FNDA:40,__clearListenersForTest
DA:1,1
DA:40,61
DA:41,61
DA:42,61
DA:43,61
DA:44,61
DA:45,61
DA:46,61
DA:47,61
DA:48,61
DA:49,61
DA:50,9
DA:51,4
DA:52,61
DA:54,0
DA:55,61
DA:62,1
DA:63,1
DA:66,1
DA:67,14
DA:68,14
DA:69,6
DA:70,6
DA:71,14
DA:74,1
DA:75,7
DA:76,7
DA:77,5
DA:78,5
DA:79,7
DA:82,8
DA:83,8
DA:85,8
DA:86,8
DA:87,8
DA:88,8
DA:89,8
DA:91,1
DA:92,1
DA:93,8
DA:94,8
DA:97,2
DA:98,2
DA:99,2
DA:100,2
DA:101,2
DA:102,2
DA:103,0
DA:104,0
DA:105,2
DA:106,2
DA:111,10
DA:112,10
DA:113,10
DA:127,1
DA:128,9
DA:129,9
DA:130,9
DA:131,9
DA:132,4
DA:134,4
DA:135,3
DA:136,3
DA:137,3
DA:138,3
DA:139,3
DA:140,3
DA:141,3
DA:142,3
DA:143,3
DA:144,3
DA:146,1
DA:147,1
DA:148,1
DA:149,1
DA:150,1
DA:151,1
DA:152,1
DA:153,1
DA:154,1
DA:155,6
DA:156,9
DA:157,2
DA:158,2
DA:159,2
DA:160,2
DA:161,2
DA:162,2
DA:163,2
DA:165,4
DA:166,4
DA:167,4
DA:168,4
DA:169,4
DA:170,4
DA:171,4
DA:172,9
DA:174,0
DA:175,0
DA:176,0
DA:177,0
DA:178,0
DA:179,0
DA:180,0
DA:181,0
DA:182,4
DA:183,4
DA:186,2
DA:187,2
DA:188,2
DA:189,2
DA:190,2
DA:193,1
DA:197,1
DA:199,20
DA:200,20
DA:201,20
DA:202,20
DA:204,20
DA:205,5
DA:206,5
DA:207,5
DA:208,5
DA:211,5
DA:212,5
DA:213,5
DA:214,5
DA:215,0
DA:216,0
DA:217,5
DA:218,0
DA:219,0
DA:220,5
DA:221,5
DA:222,5
DA:223,5
DA:224,5
DA:226,0
DA:229,5
DA:230,5
DA:231,5
DA:232,1
DA:233,1
DA:234,1
DA:235,0
DA:236,0
DA:237,1
DA:238,5
DA:240,0
DA:242,5
DA:243,5
DA:244,4
DA:247,4
DA:248,4
DA:249,4
DA:250,5
DA:251,1
DA:254,1
DA:255,1
DA:256,1
DA:257,1
DA:258,5
DA:260,0
DA:262,4
DA:263,4
DA:264,4
DA:265,4
DA:266,4
DA:267,4
DA:268,4
DA:269,4
DA:270,4
DA:272,4
DA:273,4
DA:274,4
DA:275,4
DA:276,4
DA:277,4
DA:278,4
DA:279,4
DA:280,4
DA:281,4
DA:282,4
DA:284,4
DA:285,5
DA:286,1
DA:287,1
DA:289,1
DA:290,1
DA:291,1
DA:292,1
DA:293,1
DA:294,1
DA:295,1
DA:296,1
DA:297,1
DA:298,1
DA:300,1
DA:301,1
DA:302,1
DA:303,1
DA:304,1
DA:305,1
DA:306,1
DA:307,1
DA:308,1
DA:309,1
DA:310,1
DA:311,1
DA:312,1
DA:313,1
DA:314,5
DA:316,20
DA:317,20
DA:319,20
DA:320,20
DA:321,20
DA:322,20
DA:323,20
DA:324,20
DA:328,1
DA:329,1
DA:331,20
DA:332,20
DA:333,20
DA:334,20
DA:337,20
DA:339,3
DA:340,3
DA:341,3
DA:342,3
DA:344,3
DA:345,3
DA:346,3
DA:347,3
DA:348,3
DA:349,3
DA:350,3
DA:351,3
DA:352,3
DA:353,3
DA:354,3
DA:356,3
DA:357,3
DA:358,3
DA:359,3
DA:360,3
DA:361,3
DA:362,3
DA:365,20
DA:367,3
DA:368,3
DA:369,3
DA:370,3
DA:371,3
DA:372,3
DA:373,3
DA:374,1
DA:375,1
DA:376,3
DA:378,0
DA:379,3
DA:381,3
DA:382,3
DA:383,3
DA:386,3
DA:387,3
DA:388,3
DA:389,3
DA:390,3
DA:392,2
DA:393,2
DA:394,2
DA:395,2
DA:396,4
DA:397,4
DA:398,2
DA:399,2
DA:400,4
DA:401,1
DA:402,4
DA:403,2
DA:404,1
DA:405,1
DA:406,1
DA:407,1
DA:408,0
DA:409,0
DA:410,0
DA:411,0
DA:412,0
DA:413,0
DA:414,0
DA:415,0
DA:416,0
DA:417,0
DA:418,0
DA:419,1
DA:420,0
DA:421,0
DA:422,2
DA:423,1
DA:425,1
DA:426,1
DA:427,1
DA:428,1
DA:429,2
DA:430,3
DA:431,0
DA:432,0
DA:433,0
DA:434,0
DA:435,0
DA:436,0
DA:437,0
DA:438,0
DA:439,0
DA:442,3
DA:444,3
DA:445,3
DA:446,3
DA:447,3
DA:448,3
DA:449,3
DA:450,3
DA:451,3
DA:452,3
DA:453,3
DA:455,3
DA:456,3
DA:457,3
DA:458,3
DA:459,3
DA:460,3
DA:461,3
DA:462,3
DA:463,3
DA:464,3
DA:465,3
DA:466,3
DA:467,3
DA:469,3
DA:470,3
DA:471,20
DA:473,20
DA:474,20
DA:475,20
DA:476,20
DA:477,20
DA:478,20
DA:479,20
DA:480,20
DA:481,20
DA:482,20
DA:486,1
DA:487,1
DA:489,20
DA:490,20
DA:493,20
DA:494,1
DA:495,1
DA:496,1
DA:497,1
DA:498,1
DA:499,1
DA:500,1
DA:501,1
DA:502,1
DA:503,1
DA:504,1
DA:505,1
DA:506,1
DA:507,1
DA:508,1
DA:509,1
DA:510,1
DA:511,1
DA:512,1
DA:513,1
DA:514,1
DA:515,1
DA:516,1
DA:517,0
DA:518,0
DA:519,1
DA:520,20
DA:523,20
DA:524,1
DA:525,1
DA:526,1
DA:527,1
DA:528,1
DA:529,1
DA:530,1
DA:531,1
DA:532,1
DA:533,1
DA:534,1
DA:535,1
DA:536,1
DA:537,1
DA:538,1
DA:539,1
DA:540,1
DA:541,1
DA:542,1
DA:543,1
DA:544,1
DA:545,1
DA:546,0
DA:547,0
DA:548,1
DA:549,20
DA:550,20
DA:551,20
DA:552,20
DA:553,20
DA:555,20
DA:556,20
DA:557,20
DA:558,20
DA:559,20
DA:560,20
DA:561,20
DA:562,20
DA:563,20
DA:564,20
DA:565,20
DA:566,20
DA:567,20
DA:571,1
DA:578,1
DA:579,48
DA:580,20
DA:581,20
DA:582,20
DA:583,20
DA:584,20
DA:585,20
DA:586,20
DA:587,20
DA:588,20
DA:589,20
DA:599,1
DA:600,21
DA:601,21
DA:602,1
DA:603,1
DA:604,1
DA:605,1
DA:606,1
DA:607,1
DA:608,1
DA:609,1
DA:611,21
DA:612,0
DA:613,0
DA:614,0
DA:615,0
DA:616,0
DA:617,0
DA:618,0
DA:619,0
DA:621,20
DA:622,20
DA:623,20
DA:624,20
DA:625,20
DA:627,20
DA:628,20
DA:629,20
DA:630,20
DA:631,20
DA:632,20
DA:634,20
DA:635,21
DA:637,0
DA:638,0
DA:639,0
DA:640,0
DA:641,0
DA:642,0
DA:643,0
DA:644,0
DA:645,0
DA:646,21
DA:649,1
DA:650,4
DA:651,4
DA:654,1
DA:655,40
DA:656,40
DA:657,40
DA:658,40
LF:494
LH:430
BRDA:40,0,0,61
BRDA:49,1,0,52
BRDA:49,2,0,9
BRDA:50,3,0,5
BRDA:50,4,0,4
BRDA:52,5,0,0
BRDA:66,6,0,14
BRDA:68,7,0,6
BRDA:74,8,0,7
BRDA:76,9,0,5
BRDA:82,10,0,8
BRDA:83,11,0,0
BRDA:89,12,0,1
BRDA:97,13,0,2
BRDA:102,14,0,0
BRDA:111,15,0,10
BRDA:127,16,0,9
BRDA:131,17,0,4
BRDA:134,18,0,3
BRDA:134,19,0,3
BRDA:144,20,0,1
BRDA:154,21,0,6
BRDA:156,22,0,2
BRDA:163,23,0,4
BRDA:172,24,0,0
BRDA:181,25,0,4
BRDA:186,26,0,2
BRDA:187,27,0,0
BRDA:189,28,0,0
BRDA:199,29,0,20
BRDA:200,30,0,0
BRDA:202,31,0,0
BRDA:204,32,0,5
BRDA:214,33,0,0
BRDA:217,34,0,0
BRDA:222,35,0,1
BRDA:222,36,0,4
BRDA:224,37,0,0
BRDA:231,38,0,1
BRDA:231,39,0,1
BRDA:234,40,0,0
BRDA:238,41,0,0
BRDA:243,42,0,4
BRDA:250,43,0,1
BRDA:258,44,0,0
BRDA:260,45,0,4
BRDA:285,46,0,1
BRDA:287,47,0,0
BRDA:296,48,0,0
BRDA:256,49,0,1
BRDA:319,50,0,20
BRDA:331,51,0,20
BRDA:332,52,0,0
BRDA:337,53,0,3
BRDA:365,54,0,3
BRDA:373,55,0,1
BRDA:376,56,0,0
BRDA:381,57,0,3
BRDA:382,58,0,0
BRDA:390,59,0,2
BRDA:395,60,0,4
BRDA:397,61,0,2
BRDA:400,62,0,1
BRDA:401,63,0,0
BRDA:403,64,0,1
BRDA:407,65,0,0
BRDA:419,66,0,0
BRDA:422,67,0,1
BRDA:430,68,0,0
BRDA:444,69,0,1
BRDA:444,70,0,2
BRDA:445,71,0,1
BRDA:445,72,0,2
BRDA:464,73,0,1
BRDA:464,74,0,2
BRDA:427,75,0,1
BRDA:473,76,0,20
BRDA:489,77,0,20
BRDA:490,78,0,0
BRDA:493,79,0,1
BRDA:500,80,0,0
BRDA:508,81,0,0
BRDA:509,82,0,0
BRDA:509,83,0,0
BRDA:516,84,0,0
BRDA:523,85,0,1
BRDA:528,86,0,0
BRDA:529,87,0,0
BRDA:529,88,0,0
BRDA:535,89,0,0
BRDA:545,90,0,0
BRDA:555,91,0,20
BRDA:578,92,0,48
BRDA:579,93,0,28
BRDA:579,94,0,20
BRDA:599,95,0,21
BRDA:601,96,0,1
BRDA:609,97,0,20
BRDA:611,98,0,0
BRDA:619,99,0,20
BRDA:635,100,0,0
BRDA:649,101,0,4
BRDA:654,102,0,40
BRF:103
BRH:67
end_of_record
