<?xml version="1.0" encoding="utf-8"?><testsuites name="pytest tests"><testsuite name="pytest" errors="0" failures="0" skipped="0" tests="68" time="0.936" timestamp="2026-07-03T00:31:43.790308+08:00" hostname="DESKTOP-CN00D5I"><testcase classname="tests.regression.test_p0_security_fix.TestBearerTokenRedactionRegression" name="test_bearer_token_fully_redacted[Bearer abc.def.ghi+jkl=-JWT \u542b\u5c3e\u968f = \u586b\u5145]" time="0.007" /><testcase classname="tests.regression.test_p0_security_fix.TestBearerTokenRedactionRegression" name="test_bearer_token_fully_redacted[Bearer eyJhbGciOiJIUzI1NiJ9.payload.sig-JWT \u65e0\u5c3e\u968f =]" time="0.005" /><testcase classname="tests.regression.test_p0_security_fix.TestBearerTokenRedactionRegression" name="test_bearer_token_fully_redacted[Bearer abc123def456-\u7eaf\u5b57\u6bcd\u6570\u5b57 token]" time="0.005" /><testcase classname="tests.regression.test_p0_security_fix.TestBearerTokenRedactionRegression" name="test_bearer_token_fully_redacted[Bearer tok-abc_def.123+xyz-\u542b\u7279\u6b8a\u5b57\u7b26 token]" time="0.005" /><testcase classname="tests.regression.test_p0_security_fix.TestBearerTokenRedactionRegression" name="test_bearer_token_fully_redacted[Bearer dGVzdCB0b2tlbiB2YWx1ZQ==-Base64 \u7f16\u7801 token]" time="0.005" /><testcase classname="tests.regression.test_p0_security_fix.TestBearerTokenRedactionRegression" name="test_bearer_token_fully_redacted[Bearer aaaaaaaaaaaaaaaaaaaaaaaaaaaaaaaaaaaaaaaaaaaaaaaaaaaaaaaaaaaaaaaaaaaaaaaaaaaaaaaaaaaaaaaaaaaaaaaaaaaaaaaaaaaaaaaaaaaaaaaaaaaaaaaaaaaaaaaaaaaaaaaaaaaaaaaaaaaaaaaaaaaaaaaaaaaaaaaaaaaaaaaaaaaaaaaaaaaaaaaaaaaaaaaaaaaaaaaaaaaaaaaaaaaaaaaaaaaaaaaaaaaaaaaaaaaaaaaaaaaaaaaaaaaaaaaaaaaaaaaaaaaaaaaaaaaaaaaaaaaaaaaaaaaaaaaaaaaaaaaaaaaaaaaaaaaaaaaaaaaaaaaaaaaaaaaaaaaaaaaaaaaaaaaaaaaaaaaaaaaaaaaaaaaaaaaaaaaaaaaaaaaaaaaaaaaaaaaaaaaaaaaaaaaaaaaaaaaaaaaaaaaaaaaaaaaaaaaaaaaaaaaaaaaaaaaaaaaaaaaaaaaaaaaaaaaaaaaaaaaa-\u8d85\u957f token\uff08500 \u5b57\u7b26\uff09]" time="0.005" /><testcase classname="tests.regression.test_p0_security_fix.TestBearerTokenRedactionRegression" name="test_bearer_token_fully_redacted[Bearer -Bearer \u540e\u4ec5\u7a7a\u683c]" time="0.005" /><testcase classname="tests.regression.test_p0_security_fix.TestBearerTokenRedactionRegression" name="test_bearer_token_value_not_leaked[Bearer abc.def.ghi+jkl=]" time="0.004" /><testcase classname="tests.regression.test_p0_security_fix.TestBearerTokenRedactionRegression" name="test_bearer_token_value_not_leaked[Bearer eyJhbGciOiJIUzI1NiJ9.payload.sig]" time="0.005" /><testcase classname="tests.regression.test_p0_security_fix.TestBearerTokenRedactionRegression" name="test_bearer_token_value_not_leaked[Bearer dGVzdCB0b2tlbiB2YWx1ZQ==]" time="0.006" /><testcase classname="tests.regression.test_p0_security_fix.TestBearerTokenRedactionRegression" name="test_bearer_token_value_not_leaked[Bearer tok-abc_def.123+xyz]" time="0.005" /><testcase classname="tests.regression.test_p0_security_fix.TestBearerTokenRedactionRegression" name="test_bearer_case_insensitive" time="0.005" /><testcase classname="tests.regression.test_p0_security_fix.TestBearerTokenRedactionRegression" name="test_bearer_in_url_string" time="0.004" /><testcase classname="tests.regression.test_p0_security_fix.TestBearerTokenRedactionRegression" name="test_bearer_in_dict_value" time="0.005" /><testcase classname="tests.regression.test_p0_security_fix.TestBearerTokenRedactionRegression" name="test_bearer_in_nested_structure" time="0.005" /><testcase classname="tests.regression.test_p0_security_fix.TestBearerTokenRedactionRegression" name="test_redact_token_match_function_directly" time="0.005" /><testcase classname="tests.regression.test_p0_security_fix.TestGreedyRegexRegression" name="test_ampersand_separated_params_preserved[token]" time="0.005" /><testcase classname="tests.regression.test_p0_security_fix.TestGreedyRegexRegression" name="test_ampersand_separated_params_preserved[api_key]" time="0.008" /><testcase classname="tests.regression.test_p0_security_fix.TestGreedyRegexRegression" name="test_ampersand_separated_params_preserved[api-key]" time="0.007" /><testcase classname="tests.regression.test_p0_security_fix.TestGreedyRegexRegression" name="test_ampersand_separated_params_preserved[apikey]" time="0.005" /><testcase classname="tests.regression.test_p0_security_fix.TestGreedyRegexRegression" name="test_ampersand_separated_params_preserved[secret]" time="0.005" /><testcase classname="tests.regression.test_p0_security_fix.TestGreedyRegexRegression" name="test_ampersand_separated_params_preserved[password]" time="0.005" /><testcase classname="tests.regression.test_p0_security_fix.TestGreedyRegexRegression" name="test_space_separated_params_preserved[token]" time="0.005" /><testcase classname="tests.regression.test_p0_security_fix.TestGreedyRegexRegression" name="test_space_separated_params_preserved[api_key]" time="0.005" /><testcase classname="tests.regression.test_p0_security_fix.TestGreedyRegexRegression" name="test_space_separated_params_preserved[secret]" time="0.005" /><testcase classname="tests.regression.test_p0_security_fix.TestGreedyRegexRegression" name="test_space_separated_params_preserved[password]" time="0.005" /><testcase classname="tests.regression.test_p0_security_fix.TestGreedyRegexRegression" name="test_multiple_sensitive_params_in_url" time="0.005" /><testcase classname="tests.regression.test_p0_security_fix.TestGreedyRegexRegression" name="test_colon_separated_not_consumed_by_ampersand" time="0.004" /><testcase classname="tests.regression.test_p0_security_fix.TestGreedyRegexRegression" name="test_value_at_end_of_string" time="0.004" /><testcase classname="tests.regression.test_p0_security_fix.TestGreedyRegexRegression" name="test_value_with_special_chars_stops_at_ampersand" time="0.004" /><testcase classname="tests.regression.test_p0_security_fix.TestGreedyRegexRegression" name="test_no_false_positive_on_normal_text" time="0.005" /><testcase classname="tests.regression.test_p0_security_fix.TestGreedyRegexRegression" name="test_mixed_separators_in_one_string" time="0.004" /><testcase classname="tests.regression.test_p0_security_fix.TestBeforeSendIntegrationRegression" name="test_bearer_in_request_headers" time="0.005" /><testcase classname="tests.regression.test_p0_security_fix.TestBeforeSendIntegrationRegression" name="test_url_params_in_extra_not_consumed" time="0.005" /><testcase classname="tests.regression.test_p0_security_fix.TestBeforeSendIntegrationRegression" name="test_bearer_in_breadcrumbs" time="0.005" /><testcase classname="tests.regression.test_p0_security_fix.TestBeforeSendIntegrationRegression" name="test_multiple_sensitive_fields_simultaneously" time="0.005" /><testcase classname="tests.regression.test_p0_security_fix.TestEdgeCasesRegression" name="test_empty_string" time="0.006" /><testcase classname="tests.regression.test_p0_security_fix.TestEdgeCasesRegression" name="test_only_bearer_keyword" time="0.006" /><testcase classname="tests.regression.test_p0_security_fix.TestEdgeCasesRegression" name="test_bearer_with_multiple_spaces" time="0.005" /><testcase classname="tests.regression.test_p0_security_fix.TestEdgeCasesRegression" name="test_bearer_followed_by_ampersand" time="0.004" /><testcase classname="tests.regression.test_p0_security_fix.TestEdgeCasesRegression" name="test_unicode_content_preserved" time="0.004" /><testcase classname="tests.regression.test_p0_security_fix.TestLoggingUtilsGreedyRegexRegression" name="test_url_params_not_consumed[https://api.example.com/v1?token=mysecretval&amp;page=1&amp;limit=10-mysecretval]" time="0.009" /><testcase classname="tests.regression.test_p0_security_fix.TestLoggingUtilsGreedyRegexRegression" name="test_url_params_not_consumed[https://api.example.com/v1?api_key=apikeyval123&amp;page=1&amp;limit=10-apikeyval123]" time="0.005" /><testcase classname="tests.regression.test_p0_security_fix.TestLoggingUtilsGreedyRegexRegression" name="test_url_params_not_consumed[https://api.example.com/v1?secret=topsecretval&amp;page=1&amp;limit=10-topsecretval]" time="0.005" /><testcase classname="tests.regression.test_p0_security_fix.TestLoggingUtilsGreedyRegexRegression" name="test_url_params_not_consumed[https://api.example.com/v1?key=keyval456&amp;page=1&amp;limit=10-keyval456]" time="0.005" /><testcase classname="tests.regression.test_p0_security_fix.TestLoggingUtilsGreedyRegexRegression" name="test_password_field_not_consumed[password=secret123&amp;page=1-secret123]" time="0.005" /><testcase classname="tests.regression.test_p0_security_fix.TestLoggingUtilsGreedyRegexRegression" name="test_password_field_not_consumed[secret=mysecret&amp;next=ok-mysecret]" time="0.005" /><testcase classname="tests.regression.test_p0_security_fix.TestLoggingUtilsGreedyRegexRegression" name="test_password_field_not_consumed[token=abc123&amp;user=admin-abc123]" time="0.005" /><testcase classname="tests.regression.test_p0_security_fix.TestLoggingUtilsGreedyRegexRegression" name="test_multiple_sensitive_params_in_one_url" time="0.005" /><testcase classname="tests.regression.test_p0_security_fix.TestLoggingUtilsGreedyRegexRegression" name="test_no_false_positive_on_normal_url" time="0.005" /><testcase classname="tests.regression.test_p0_security_fix.TestLoggingUtilsBearerTokenRegression" name="test_bearer_fully_redacted[Bearer abc.def.ghi+jkl=]" time="0.005" /><testcase classname="tests.regression.test_p0_security_fix.TestLoggingUtilsBearerTokenRegression" name="test_bearer_fully_redacted[Bearer eyJhbGciOiJIUzI1NiJ9.payload.sig]" time="0.005" /><testcase classname="tests.regression.test_p0_security_fix.TestLoggingUtilsBearerTokenRegression" name="test_bearer_fully_redacted[Bearer abc123def456]" time="0.006" /><testcase classname="tests.regression.test_p0_security_fix.TestLoggingUtilsBearerTokenRegression" name="test_bearer_fully_redacted[Bearer tok-abc_def.123+xyz]" time="0.007" /><testcase classname="tests.regression.test_p0_security_fix.TestLoggingUtilsBearerTokenRegression" name="test_bearer_fully_redacted[Bearer dGVzdCB0b2tlbiB2YWx1ZQ==]" time="0.012" /><testcase classname="tests.regression.test_p0_security_fix.TestLoggingUtilsBearerTokenRegression" name="test_bearer_fully_redacted[bearer lowercase_token_value]" time="0.008" /><testcase classname="tests.regression.test_p0_security_fix.TestLoggingUtilsBearerTokenRegression" name="test_bearer_case_insensitive" time="0.008" /><testcase classname="tests.regression.test_p0_security_fix.TestLoggingUtilsBearerTokenRegression" name="test_bearer_in_url_with_other_params" time="0.006" /><testcase classname="tests.regression.test_p0_security_fix.TestSensitiveDataFilterGreedyRegexRegression" name="test_url_params_not_consumed[https://api.example.com?token=mysecret&amp;page=1&amp;limit=10-mysecret]" time="0.010" /><testcase classname="tests.regression.test_p0_security_fix.TestSensitiveDataFilterGreedyRegexRegression" name="test_url_params_not_consumed[https://api.example.com?api_key=sk-xxx&amp;page=1&amp;user=admin-sk-xxx]" time="0.008" /><testcase classname="tests.regression.test_p0_security_fix.TestSensitiveDataFilterGreedyRegexRegression" name="test_url_params_not_consumed[https://api.example.com?secret=topsecretval&amp;next=ok&amp;sort=desc-topsecretval]" time="0.006" /><testcase classname="tests.regression.test_p0_security_fix.TestSensitiveDataFilterBearerRegression" name="test_long_bearer_redacted[Bearer eyJhbGciOiJIUzI1NiJ9.payload.sig]" time="0.006" /><testcase classname="tests.regression.test_p0_security_fix.TestSensitiveDataFilterBearerRegression" name="test_long_bearer_redacted[Bearer akdjflakdjflakdjflakdjf]" time="0.005" /><testcase classname="tests.regression.test_p0_security_fix.TestSensitiveDataFilterBearerRegression" name="test_long_bearer_redacted[Bearer abcdefghijklmnopqrstuvwxyz1234567890]" time="0.005" /><testcase classname="tests.regression.test_p0_security_fix.TestCrossModuleConsistency" name="test_no_module_leaks_sensitive_value[https://api.example.com?token=secret_value_here&amp;page=1]" time="0.005" /><testcase classname="tests.regression.test_p0_security_fix.TestCrossModuleConsistency" name="test_no_module_leaks_sensitive_value[https://api.example.com?api_key=sk-secret-key&amp;page=1&amp;user=admin]" time="0.005" /><testcase classname="tests.regression.test_p0_security_fix.TestCrossModuleConsistency" name="test_no_module_leaks_sensitive_value[Bearer eyJhbGciOiJIUzI1NiJ9.payload.sig]" time="0.005" /><testcase classname="tests.regression.test_p0_security_fix.TestCrossModuleConsistency" name="test_no_module_leaks_sensitive_value[Auth: Bearer eyJhbGciOiJIUzI1NiJ9.payload.sig&amp;next=ok]" time="0.005" /></testsuite></testsuites>